
*** Running vivado
    with args -log disp2Dec.vdi -applog -m64 -product Vivado -messageDb vivado.pb -mode batch -source disp2Dec.tcl -notrace


Режим вывода команд на экран (ECHO) отключен.
Режим вывода команд на экран (ECHO) отключен.

****** Vivado v2023.2 (64-bit)
  **** SW Build 4029153 on Fri Oct 13 20:14:34 MDT 2023
  **** IP Build 4028589 on Sat Oct 14 00:45:43 MDT 2023
  **** SharedData Build 4025554 on Tue Oct 10 17:18:54 MDT 2023
    ** Copyright 1986-2022 Xilinx, Inc. All Rights Reserved.
    ** Copyright 2022-2023 Advanced Micro Devices, Inc. All Rights Reserved.

source disp2Dec.tcl -notrace
create_project: Time (s): cpu = 00:00:05 ; elapsed = 00:00:05 . Memory (MB): peak = 456.043 ; gain = 182.645
Command: link_design -top disp2Dec -part xc7a35tcpg236-1
Design is defaulting to srcset: sources_1
Design is defaulting to constrset: constrs_1
INFO: [Device 21-403] Loading part xc7a35tcpg236-1
Netlist sorting complete. Time (s): cpu = 00:00:00 ; elapsed = 00:00:00 . Memory (MB): peak = 854.043 ; gain = 0.000
INFO: [Netlist 29-17] Analyzing 5 Unisim elements for replacement
INFO: [Netlist 29-28] Unisim Transformation completed in 0 CPU seconds
INFO: [Project 1-479] Netlist was created with Vivado 2023.2
INFO: [Project 1-570] Preparing netlist for logic optimization
Parsing XDC File [C:/Users/perhat.amanlyyev/cs223-4/cs223-4.srcs/constrs_1/new/strReg.xdc]
WARNING: [Vivado 12-584] No ports matched 'reset'. [C:/Users/perhat.amanlyyev/cs223-4/cs223-4.srcs/constrs_1/new/strReg.xdc:1]
CRITICAL WARNING: [Common 17-55] 'set_property' expects at least one object. [C:/Users/perhat.amanlyyev/cs223-4/cs223-4.srcs/constrs_1/new/strReg.xdc:1]
Resolution: If [get_<value>] was used to populate the object, check to make sure this command returns at least one valid object.
WARNING: [Vivado 12-584] No ports matched 'shift_in'. [C:/Users/perhat.amanlyyev/cs223-4/cs223-4.srcs/constrs_1/new/strReg.xdc:2]
CRITICAL WARNING: [Common 17-55] 'set_property' expects at least one object. [C:/Users/perhat.amanlyyev/cs223-4/cs223-4.srcs/constrs_1/new/strReg.xdc:2]
Resolution: If [get_<value>] was used to populate the object, check to make sure this command returns at least one valid object.
WARNING: [Vivado 12-584] No ports matched 'd[3]'. [C:/Users/perhat.amanlyyev/cs223-4/cs223-4.srcs/constrs_1/new/strReg.xdc:3]
CRITICAL WARNING: [Common 17-55] 'set_property' expects at least one object. [C:/Users/perhat.amanlyyev/cs223-4/cs223-4.srcs/constrs_1/new/strReg.xdc:3]
Resolution: If [get_<value>] was used to populate the object, check to make sure this command returns at least one valid object.
WARNING: [Vivado 12-584] No ports matched 'd[2]'. [C:/Users/perhat.amanlyyev/cs223-4/cs223-4.srcs/constrs_1/new/strReg.xdc:4]
CRITICAL WARNING: [Common 17-55] 'set_property' expects at least one object. [C:/Users/perhat.amanlyyev/cs223-4/cs223-4.srcs/constrs_1/new/strReg.xdc:4]
Resolution: If [get_<value>] was used to populate the object, check to make sure this command returns at least one valid object.
WARNING: [Vivado 12-584] No ports matched 'd[1]'. [C:/Users/perhat.amanlyyev/cs223-4/cs223-4.srcs/constrs_1/new/strReg.xdc:5]
CRITICAL WARNING: [Common 17-55] 'set_property' expects at least one object. [C:/Users/perhat.amanlyyev/cs223-4/cs223-4.srcs/constrs_1/new/strReg.xdc:5]
Resolution: If [get_<value>] was used to populate the object, check to make sure this command returns at least one valid object.
WARNING: [Vivado 12-584] No ports matched 'd[0]'. [C:/Users/perhat.amanlyyev/cs223-4/cs223-4.srcs/constrs_1/new/strReg.xdc:6]
CRITICAL WARNING: [Common 17-55] 'set_property' expects at least one object. [C:/Users/perhat.amanlyyev/cs223-4/cs223-4.srcs/constrs_1/new/strReg.xdc:6]
Resolution: If [get_<value>] was used to populate the object, check to make sure this command returns at least one valid object.
WARNING: [Vivado 12-584] No ports matched 'q[3]'. [C:/Users/perhat.amanlyyev/cs223-4/cs223-4.srcs/constrs_1/new/strReg.xdc:7]
CRITICAL WARNING: [Common 17-55] 'set_property' expects at least one object. [C:/Users/perhat.amanlyyev/cs223-4/cs223-4.srcs/constrs_1/new/strReg.xdc:7]
Resolution: If [get_<value>] was used to populate the object, check to make sure this command returns at least one valid object.
WARNING: [Vivado 12-584] No ports matched 'q[2]'. [C:/Users/perhat.amanlyyev/cs223-4/cs223-4.srcs/constrs_1/new/strReg.xdc:8]
CRITICAL WARNING: [Common 17-55] 'set_property' expects at least one object. [C:/Users/perhat.amanlyyev/cs223-4/cs223-4.srcs/constrs_1/new/strReg.xdc:8]
Resolution: If [get_<value>] was used to populate the object, check to make sure this command returns at least one valid object.
WARNING: [Vivado 12-584] No ports matched 'q[1]'. [C:/Users/perhat.amanlyyev/cs223-4/cs223-4.srcs/constrs_1/new/strReg.xdc:9]
CRITICAL WARNING: [Common 17-55] 'set_property' expects at least one object. [C:/Users/perhat.amanlyyev/cs223-4/cs223-4.srcs/constrs_1/new/strReg.xdc:9]
Resolution: If [get_<value>] was used to populate the object, check to make sure this command returns at least one valid object.
WARNING: [Vivado 12-584] No ports matched 'q[0]'. [C:/Users/perhat.amanlyyev/cs223-4/cs223-4.srcs/constrs_1/new/strReg.xdc:10]
CRITICAL WARNING: [Common 17-55] 'set_property' expects at least one object. [C:/Users/perhat.amanlyyev/cs223-4/cs223-4.srcs/constrs_1/new/strReg.xdc:10]
Resolution: If [get_<value>] was used to populate the object, check to make sure this command returns at least one valid object.
WARNING: [Vivado 12-584] No ports matched 's[1]'. [C:/Users/perhat.amanlyyev/cs223-4/cs223-4.srcs/constrs_1/new/strReg.xdc:11]
CRITICAL WARNING: [Common 17-55] 'set_property' expects at least one object. [C:/Users/perhat.amanlyyev/cs223-4/cs223-4.srcs/constrs_1/new/strReg.xdc:11]
Resolution: If [get_<value>] was used to populate the object, check to make sure this command returns at least one valid object.
WARNING: [Vivado 12-584] No ports matched 's[0]'. [C:/Users/perhat.amanlyyev/cs223-4/cs223-4.srcs/constrs_1/new/strReg.xdc:12]
CRITICAL WARNING: [Common 17-55] 'set_property' expects at least one object. [C:/Users/perhat.amanlyyev/cs223-4/cs223-4.srcs/constrs_1/new/strReg.xdc:12]
Resolution: If [get_<value>] was used to populate the object, check to make sure this command returns at least one valid object.
WARNING: [Vivado 12-584] No ports matched 'clk_1sec'. [C:/Users/perhat.amanlyyev/cs223-4/cs223-4.srcs/constrs_1/new/strReg.xdc:13]
CRITICAL WARNING: [Common 17-55] 'set_property' expects at least one object. [C:/Users/perhat.amanlyyev/cs223-4/cs223-4.srcs/constrs_1/new/strReg.xdc:13]
Resolution: If [get_<value>] was used to populate the object, check to make sure this command returns at least one valid object.
WARNING: [Vivado 12-584] No ports matched 'clk_1sec'. [C:/Users/perhat.amanlyyev/cs223-4/cs223-4.srcs/constrs_1/new/strReg.xdc:14]
CRITICAL WARNING: [Common 17-55] 'set_property' expects at least one object. [C:/Users/perhat.amanlyyev/cs223-4/cs223-4.srcs/constrs_1/new/strReg.xdc:14]
Resolution: If [get_<value>] was used to populate the object, check to make sure this command returns at least one valid object.
WARNING: [Vivado 12-507] No nets matched 'clk_1sec_IBUF'. [C:/Users/perhat.amanlyyev/cs223-4/cs223-4.srcs/constrs_1/new/strReg.xdc:15]
CRITICAL WARNING: [Common 17-55] 'set_property' expects at least one object. [C:/Users/perhat.amanlyyev/cs223-4/cs223-4.srcs/constrs_1/new/strReg.xdc:15]
Resolution: If [get_<value>] was used to populate the object, check to make sure this command returns at least one valid object.
WARNING: [Vivado 12-584] No ports matched 'reset'. [C:/Users/perhat.amanlyyev/cs223-4/cs223-4.srcs/constrs_1/new/strReg.xdc:16]
CRITICAL WARNING: [Common 17-55] 'set_property' expects at least one object. [C:/Users/perhat.amanlyyev/cs223-4/cs223-4.srcs/constrs_1/new/strReg.xdc:16]
Resolution: If [get_<value>] was used to populate the object, check to make sure this command returns at least one valid object.
WARNING: [Vivado 12-584] No ports matched 'shift_in'. [C:/Users/perhat.amanlyyev/cs223-4/cs223-4.srcs/constrs_1/new/strReg.xdc:17]
CRITICAL WARNING: [Common 17-55] 'set_property' expects at least one object. [C:/Users/perhat.amanlyyev/cs223-4/cs223-4.srcs/constrs_1/new/strReg.xdc:17]
Resolution: If [get_<value>] was used to populate the object, check to make sure this command returns at least one valid object.
WARNING: [Vivado 12-584] No ports matched 'd[3]'. [C:/Users/perhat.amanlyyev/cs223-4/cs223-4.srcs/constrs_1/new/strReg.xdc:18]
CRITICAL WARNING: [Common 17-55] 'set_property' expects at least one object. [C:/Users/perhat.amanlyyev/cs223-4/cs223-4.srcs/constrs_1/new/strReg.xdc:18]
Resolution: If [get_<value>] was used to populate the object, check to make sure this command returns at least one valid object.
WARNING: [Vivado 12-584] No ports matched 'd[2]'. [C:/Users/perhat.amanlyyev/cs223-4/cs223-4.srcs/constrs_1/new/strReg.xdc:19]
CRITICAL WARNING: [Common 17-55] 'set_property' expects at least one object. [C:/Users/perhat.amanlyyev/cs223-4/cs223-4.srcs/constrs_1/new/strReg.xdc:19]
Resolution: If [get_<value>] was used to populate the object, check to make sure this command returns at least one valid object.
WARNING: [Vivado 12-584] No ports matched 'd[1]'. [C:/Users/perhat.amanlyyev/cs223-4/cs223-4.srcs/constrs_1/new/strReg.xdc:20]
CRITICAL WARNING: [Common 17-55] 'set_property' expects at least one object. [C:/Users/perhat.amanlyyev/cs223-4/cs223-4.srcs/constrs_1/new/strReg.xdc:20]
Resolution: If [get_<value>] was used to populate the object, check to make sure this command returns at least one valid object.
WARNING: [Vivado 12-584] No ports matched 'd[0]'. [C:/Users/perhat.amanlyyev/cs223-4/cs223-4.srcs/constrs_1/new/strReg.xdc:21]
CRITICAL WARNING: [Common 17-55] 'set_property' expects at least one object. [C:/Users/perhat.amanlyyev/cs223-4/cs223-4.srcs/constrs_1/new/strReg.xdc:21]
Resolution: If [get_<value>] was used to populate the object, check to make sure this command returns at least one valid object.
WARNING: [Vivado 12-584] No ports matched 'q[3]'. [C:/Users/perhat.amanlyyev/cs223-4/cs223-4.srcs/constrs_1/new/strReg.xdc:22]
CRITICAL WARNING: [Common 17-55] 'set_property' expects at least one object. [C:/Users/perhat.amanlyyev/cs223-4/cs223-4.srcs/constrs_1/new/strReg.xdc:22]
Resolution: If [get_<value>] was used to populate the object, check to make sure this command returns at least one valid object.
WARNING: [Vivado 12-584] No ports matched 'q[2]'. [C:/Users/perhat.amanlyyev/cs223-4/cs223-4.srcs/constrs_1/new/strReg.xdc:23]
CRITICAL WARNING: [Common 17-55] 'set_property' expects at least one object. [C:/Users/perhat.amanlyyev/cs223-4/cs223-4.srcs/constrs_1/new/strReg.xdc:23]
Resolution: If [get_<value>] was used to populate the object, check to make sure this command returns at least one valid object.
WARNING: [Vivado 12-584] No ports matched 'q[1]'. [C:/Users/perhat.amanlyyev/cs223-4/cs223-4.srcs/constrs_1/new/strReg.xdc:24]
CRITICAL WARNING: [Common 17-55] 'set_property' expects at least one object. [C:/Users/perhat.amanlyyev/cs223-4/cs223-4.srcs/constrs_1/new/strReg.xdc:24]
Resolution: If [get_<value>] was used to populate the object, check to make sure this command returns at least one valid object.
WARNING: [Vivado 12-584] No ports matched 'q[0]'. [C:/Users/perhat.amanlyyev/cs223-4/cs223-4.srcs/constrs_1/new/strReg.xdc:25]
CRITICAL WARNING: [Common 17-55] 'set_property' expects at least one object. [C:/Users/perhat.amanlyyev/cs223-4/cs223-4.srcs/constrs_1/new/strReg.xdc:25]
Resolution: If [get_<value>] was used to populate the object, check to make sure this command returns at least one valid object.
WARNING: [Vivado 12-584] No ports matched 's[1]'. [C:/Users/perhat.amanlyyev/cs223-4/cs223-4.srcs/constrs_1/new/strReg.xdc:26]
CRITICAL WARNING: [Common 17-55] 'set_property' expects at least one object. [C:/Users/perhat.amanlyyev/cs223-4/cs223-4.srcs/constrs_1/new/strReg.xdc:26]
Resolution: If [get_<value>] was used to populate the object, check to make sure this command returns at least one valid object.
WARNING: [Vivado 12-584] No ports matched 's[0]'. [C:/Users/perhat.amanlyyev/cs223-4/cs223-4.srcs/constrs_1/new/strReg.xdc:27]
CRITICAL WARNING: [Common 17-55] 'set_property' expects at least one object. [C:/Users/perhat.amanlyyev/cs223-4/cs223-4.srcs/constrs_1/new/strReg.xdc:27]
Resolution: If [get_<value>] was used to populate the object, check to make sure this command returns at least one valid object.
Finished Parsing XDC File [C:/Users/perhat.amanlyyev/cs223-4/cs223-4.srcs/constrs_1/new/strReg.xdc]
Parsing XDC File [C:/Users/perhat.amanlyyev/cs223-4/cs223-4.srcs/constrs_1/new/display.xdc]
WARNING: [Vivado 12-584] No ports matched 'w[3]'. [C:/Users/perhat.amanlyyev/cs223-4/cs223-4.srcs/constrs_1/new/display.xdc:8]
CRITICAL WARNING: [Common 17-55] 'set_property' expects at least one object. [C:/Users/perhat.amanlyyev/cs223-4/cs223-4.srcs/constrs_1/new/display.xdc:8]
Resolution: If [get_<value>] was used to populate the object, check to make sure this command returns at least one valid object.
WARNING: [Vivado 12-584] No ports matched 'w[2]'. [C:/Users/perhat.amanlyyev/cs223-4/cs223-4.srcs/constrs_1/new/display.xdc:9]
CRITICAL WARNING: [Common 17-55] 'set_property' expects at least one object. [C:/Users/perhat.amanlyyev/cs223-4/cs223-4.srcs/constrs_1/new/display.xdc:9]
Resolution: If [get_<value>] was used to populate the object, check to make sure this command returns at least one valid object.
WARNING: [Vivado 12-584] No ports matched 'w[1]'. [C:/Users/perhat.amanlyyev/cs223-4/cs223-4.srcs/constrs_1/new/display.xdc:10]
CRITICAL WARNING: [Common 17-55] 'set_property' expects at least one object. [C:/Users/perhat.amanlyyev/cs223-4/cs223-4.srcs/constrs_1/new/display.xdc:10]
Resolution: If [get_<value>] was used to populate the object, check to make sure this command returns at least one valid object.
WARNING: [Vivado 12-584] No ports matched 'w[0]'. [C:/Users/perhat.amanlyyev/cs223-4/cs223-4.srcs/constrs_1/new/display.xdc:11]
CRITICAL WARNING: [Common 17-55] 'set_property' expects at least one object. [C:/Users/perhat.amanlyyev/cs223-4/cs223-4.srcs/constrs_1/new/display.xdc:11]
Resolution: If [get_<value>] was used to populate the object, check to make sure this command returns at least one valid object.
WARNING: [Vivado 12-584] No ports matched 'w[0]'. [C:/Users/perhat.amanlyyev/cs223-4/cs223-4.srcs/constrs_1/new/display.xdc:12]
CRITICAL WARNING: [Common 17-55] 'set_property' expects at least one object. [C:/Users/perhat.amanlyyev/cs223-4/cs223-4.srcs/constrs_1/new/display.xdc:12]
Resolution: If [get_<value>] was used to populate the object, check to make sure this command returns at least one valid object.
WARNING: [Vivado 12-584] No ports matched 'w[1]'. [C:/Users/perhat.amanlyyev/cs223-4/cs223-4.srcs/constrs_1/new/display.xdc:13]
CRITICAL WARNING: [Common 17-55] 'set_property' expects at least one object. [C:/Users/perhat.amanlyyev/cs223-4/cs223-4.srcs/constrs_1/new/display.xdc:13]
Resolution: If [get_<value>] was used to populate the object, check to make sure this command returns at least one valid object.
WARNING: [Vivado 12-584] No ports matched 'w[2]'. [C:/Users/perhat.amanlyyev/cs223-4/cs223-4.srcs/constrs_1/new/display.xdc:14]
CRITICAL WARNING: [Common 17-55] 'set_property' expects at least one object. [C:/Users/perhat.amanlyyev/cs223-4/cs223-4.srcs/constrs_1/new/display.xdc:14]
Resolution: If [get_<value>] was used to populate the object, check to make sure this command returns at least one valid object.
WARNING: [Vivado 12-584] No ports matched 'w[3]'. [C:/Users/perhat.amanlyyev/cs223-4/cs223-4.srcs/constrs_1/new/display.xdc:15]
CRITICAL WARNING: [Common 17-55] 'set_property' expects at least one object. [C:/Users/perhat.amanlyyev/cs223-4/cs223-4.srcs/constrs_1/new/display.xdc:15]
Resolution: If [get_<value>] was used to populate the object, check to make sure this command returns at least one valid object.
WARNING: [Vivado 12-584] No ports matched 'anode[3]'. [C:/Users/perhat.amanlyyev/cs223-4/cs223-4.srcs/constrs_1/new/display.xdc:23]
CRITICAL WARNING: [Common 17-55] 'set_property' expects at least one object. [C:/Users/perhat.amanlyyev/cs223-4/cs223-4.srcs/constrs_1/new/display.xdc:23]
Resolution: If [get_<value>] was used to populate the object, check to make sure this command returns at least one valid object.
WARNING: [Vivado 12-584] No ports matched 'anode[2]'. [C:/Users/perhat.amanlyyev/cs223-4/cs223-4.srcs/constrs_1/new/display.xdc:24]
CRITICAL WARNING: [Common 17-55] 'set_property' expects at least one object. [C:/Users/perhat.amanlyyev/cs223-4/cs223-4.srcs/constrs_1/new/display.xdc:24]
Resolution: If [get_<value>] was used to populate the object, check to make sure this command returns at least one valid object.
WARNING: [Vivado 12-584] No ports matched 'anode[1]'. [C:/Users/perhat.amanlyyev/cs223-4/cs223-4.srcs/constrs_1/new/display.xdc:25]
CRITICAL WARNING: [Common 17-55] 'set_property' expects at least one object. [C:/Users/perhat.amanlyyev/cs223-4/cs223-4.srcs/constrs_1/new/display.xdc:25]
Resolution: If [get_<value>] was used to populate the object, check to make sure this command returns at least one valid object.
WARNING: [Vivado 12-584] No ports matched 'anode[0]'. [C:/Users/perhat.amanlyyev/cs223-4/cs223-4.srcs/constrs_1/new/display.xdc:26]
CRITICAL WARNING: [Common 17-55] 'set_property' expects at least one object. [C:/Users/perhat.amanlyyev/cs223-4/cs223-4.srcs/constrs_1/new/display.xdc:26]
Resolution: If [get_<value>] was used to populate the object, check to make sure this command returns at least one valid object.
WARNING: [Vivado 12-584] No ports matched 'anode[0]'. [C:/Users/perhat.amanlyyev/cs223-4/cs223-4.srcs/constrs_1/new/display.xdc:28]
CRITICAL WARNING: [Common 17-55] 'set_property' expects at least one object. [C:/Users/perhat.amanlyyev/cs223-4/cs223-4.srcs/constrs_1/new/display.xdc:28]
Resolution: If [get_<value>] was used to populate the object, check to make sure this command returns at least one valid object.
WARNING: [Vivado 12-584] No ports matched 'anode[1]'. [C:/Users/perhat.amanlyyev/cs223-4/cs223-4.srcs/constrs_1/new/display.xdc:29]
CRITICAL WARNING: [Common 17-55] 'set_property' expects at least one object. [C:/Users/perhat.amanlyyev/cs223-4/cs223-4.srcs/constrs_1/new/display.xdc:29]
Resolution: If [get_<value>] was used to populate the object, check to make sure this command returns at least one valid object.
WARNING: [Vivado 12-584] No ports matched 'anode[2]'. [C:/Users/perhat.amanlyyev/cs223-4/cs223-4.srcs/constrs_1/new/display.xdc:30]
CRITICAL WARNING: [Common 17-55] 'set_property' expects at least one object. [C:/Users/perhat.amanlyyev/cs223-4/cs223-4.srcs/constrs_1/new/display.xdc:30]
Resolution: If [get_<value>] was used to populate the object, check to make sure this command returns at least one valid object.
WARNING: [Vivado 12-584] No ports matched 'anode[3]'. [C:/Users/perhat.amanlyyev/cs223-4/cs223-4.srcs/constrs_1/new/display.xdc:31]
CRITICAL WARNING: [Common 17-55] 'set_property' expects at least one object. [C:/Users/perhat.amanlyyev/cs223-4/cs223-4.srcs/constrs_1/new/display.xdc:31]
Resolution: If [get_<value>] was used to populate the object, check to make sure this command returns at least one valid object.
Finished Parsing XDC File [C:/Users/perhat.amanlyyev/cs223-4/cs223-4.srcs/constrs_1/new/display.xdc]
Parsing XDC File [C:/Users/perhat.amanlyyev/cs223-4/cs223-4.srcs/constrs_1/new/disp2.xdc]
Finished Parsing XDC File [C:/Users/perhat.amanlyyev/cs223-4/cs223-4.srcs/constrs_1/new/disp2.xdc]
INFO: [Opt 31-138] Pushed 0 inverter(s) to 0 load pin(s).
Netlist sorting complete. Time (s): cpu = 00:00:00 ; elapsed = 00:00:00 . Memory (MB): peak = 971.516 ; gain = 0.000
INFO: [Project 1-111] Unisim Transformation Summary:
No Unisim elements were transformed.

Системе не удается найти указанный путь.
7 Infos, 43 Warnings, 43 Critical Warnings and 0 Errors encountered.
link_design completed successfully
Command: opt_design
Attempting to get a license for feature 'Implementation' and/or device 'xc7a35t'
INFO: [Common 17-349] Got license for feature 'Implementation' and/or device 'xc7a35t'
Running DRC as a precondition to command opt_design

Starting DRC Task
INFO: [DRC 23-27] Running DRC with 2 threads
INFO: [Project 1-461] DRC finished with 0 Errors
INFO: [Project 1-462] Please refer to the DRC report (report_drc) for more information.

Time (s): cpu = 00:00:01 ; elapsed = 00:00:00.777 . Memory (MB): peak = 999.465 ; gain = 22.922

Starting Cache Timing Information Task
INFO: [Timing 38-35] Done setting XDC timing constraints.
Ending Cache Timing Information Task | Checksum: 22830b1eb

Time (s): cpu = 00:00:06 ; elapsed = 00:00:06 . Memory (MB): peak = 1512.188 ; gain = 512.723

Starting Logic Optimization Task

Phase 1 Initialization

Phase 1.1 Core Generation And Design Setup
Phase 1.1 Core Generation And Design Setup | Checksum: 22830b1eb

Time (s): cpu = 00:00:00 ; elapsed = 00:00:00.001 . Memory (MB): peak = 1878.652 ; gain = 0.000

Phase 1.2 Setup Constraints And Sort Netlist
Phase 1.2 Setup Constraints And Sort Netlist | Checksum: 22830b1eb

Time (s): cpu = 00:00:00 ; elapsed = 00:00:00.001 . Memory (MB): peak = 1878.652 ; gain = 0.000
Phase 1 Initialization | Checksum: 22830b1eb

Time (s): cpu = 00:00:00 ; elapsed = 00:00:00.002 . Memory (MB): peak = 1878.652 ; gain = 0.000

Phase 2 Timer Update And Timing Data Collection

Phase 2.1 Timer Update
Phase 2.1 Timer Update | Checksum: 22830b1eb

Time (s): cpu = 00:00:00 ; elapsed = 00:00:00.004 . Memory (MB): peak = 1878.652 ; gain = 0.000

Phase 2.2 Timing Data Collection
Phase 2.2 Timing Data Collection | Checksum: 22830b1eb

Time (s): cpu = 00:00:00 ; elapsed = 00:00:00.007 . Memory (MB): peak = 1878.652 ; gain = 0.000
Phase 2 Timer Update And Timing Data Collection | Checksum: 22830b1eb

Time (s): cpu = 00:00:00 ; elapsed = 00:00:00.008 . Memory (MB): peak = 1878.652 ; gain = 0.000

Phase 3 Retarget
INFO: [Opt 31-138] Pushed 0 inverter(s) to 0 load pin(s).
INFO: [Opt 31-49] Retargeted 0 cell(s).
Phase 3 Retarget | Checksum: 22830b1eb

Time (s): cpu = 00:00:00 ; elapsed = 00:00:00.010 . Memory (MB): peak = 1878.652 ; gain = 0.000
Retarget | Checksum: 22830b1eb
INFO: [Opt 31-389] Phase Retarget created 0 cells and removed 0 cells

Phase 4 Constant propagation
INFO: [Opt 31-138] Pushed 0 inverter(s) to 0 load pin(s).
Phase 4 Constant propagation | Checksum: 22830b1eb

Time (s): cpu = 00:00:00 ; elapsed = 00:00:00.011 . Memory (MB): peak = 1878.652 ; gain = 0.000
Constant propagation | Checksum: 22830b1eb
INFO: [Opt 31-389] Phase Constant propagation created 0 cells and removed 0 cells

Phase 5 Sweep
Phase 5 Sweep | Checksum: 1c75a9c05

Time (s): cpu = 00:00:00 ; elapsed = 00:00:00.013 . Memory (MB): peak = 1878.652 ; gain = 0.000
Sweep | Checksum: 1c75a9c05
INFO: [Opt 31-389] Phase Sweep created 0 cells and removed 0 cells

Phase 6 BUFG optimization
Phase 6 BUFG optimization | Checksum: 1c75a9c05

Time (s): cpu = 00:00:00 ; elapsed = 00:00:00.040 . Memory (MB): peak = 1878.652 ; gain = 0.000
BUFG optimization | Checksum: 1c75a9c05
INFO: [Opt 31-662] Phase BUFG optimization created 0 cells of which 0 are BUFGs and removed 0 cells.

Phase 7 Shift Register Optimization
INFO: [Opt 31-1064] SRL Remap converted 0 SRLs to 0 registers and converted 0 registers of register chains to 0 SRLs
Phase 7 Shift Register Optimization | Checksum: 1c75a9c05

Time (s): cpu = 00:00:00 ; elapsed = 00:00:00.040 . Memory (MB): peak = 1878.652 ; gain = 0.000
Shift Register Optimization | Checksum: 1c75a9c05
INFO: [Opt 31-389] Phase Shift Register Optimization created 0 cells and removed 0 cells

Phase 8 Post Processing Netlist
Phase 8 Post Processing Netlist | Checksum: 1c75a9c05

Time (s): cpu = 00:00:00 ; elapsed = 00:00:00.041 . Memory (MB): peak = 1878.652 ; gain = 0.000
Post Processing Netlist | Checksum: 1c75a9c05
INFO: [Opt 31-389] Phase Post Processing Netlist created 0 cells and removed 0 cells

Phase 9 Finalization

Phase 9.1 Finalizing Design Cores and Updating Shapes
Phase 9.1 Finalizing Design Cores and Updating Shapes | Checksum: 199344716

Time (s): cpu = 00:00:00 ; elapsed = 00:00:00.044 . Memory (MB): peak = 1878.652 ; gain = 0.000

Phase 9.2 Verifying Netlist Connectivity

Starting Connectivity Check Task

Time (s): cpu = 00:00:00 ; elapsed = 00:00:00.001 . Memory (MB): peak = 1878.652 ; gain = 0.000
Phase 9.2 Verifying Netlist Connectivity | Checksum: 199344716

Time (s): cpu = 00:00:00 ; elapsed = 00:00:00.045 . Memory (MB): peak = 1878.652 ; gain = 0.000
Phase 9 Finalization | Checksum: 199344716

Time (s): cpu = 00:00:00 ; elapsed = 00:00:00.045 . Memory (MB): peak = 1878.652 ; gain = 0.000
Opt_design Change Summary
=========================


-------------------------------------------------------------------------------------------------------------------------
|  Phase                        |  #Cells created  |  #Cells Removed  |  #Constrained objects preventing optimizations  |
-------------------------------------------------------------------------------------------------------------------------
|  Retarget                     |               0  |               0  |                                              0  |
|  Constant propagation         |               0  |               0  |                                              0  |
|  Sweep                        |               0  |               0  |                                              0  |
|  BUFG optimization            |               0  |               0  |                                              0  |
|  Shift Register Optimization  |               0  |               0  |                                              0  |
|  Post Processing Netlist      |               0  |               0  |                                              0  |
-------------------------------------------------------------------------------------------------------------------------


Ending Logic Optimization Task | Checksum: 199344716

Time (s): cpu = 00:00:00 ; elapsed = 00:00:00.046 . Memory (MB): peak = 1878.652 ; gain = 0.000
INFO: [Constraints 18-11670] Building netlist checker database with flags, 0x8
Done building netlist checker database: Time (s): cpu = 00:00:00 ; elapsed = 00:00:00 . Memory (MB): peak = 1878.652 ; gain = 0.000

Starting Power Optimization Task
INFO: [Pwropt 34-132] Skipping clock gating for clocks with a period < 2.00 ns.
Ending Power Optimization Task | Checksum: 199344716

Time (s): cpu = 00:00:00 ; elapsed = 00:00:00.006 . Memory (MB): peak = 1878.652 ; gain = 0.000

Starting Final Cleanup Task
Ending Final Cleanup Task | Checksum: 199344716

Time (s): cpu = 00:00:00 ; elapsed = 00:00:00 . Memory (MB): peak = 1878.652 ; gain = 0.000

Starting Netlist Obfuscation Task
Netlist sorting complete. Time (s): cpu = 00:00:00 ; elapsed = 00:00:00 . Memory (MB): peak = 1878.652 ; gain = 0.000
Ending Netlist Obfuscation Task | Checksum: 199344716

Time (s): cpu = 00:00:00 ; elapsed = 00:00:00 . Memory (MB): peak = 1878.652 ; gain = 0.000
INFO: [Common 17-83] Releasing license: Implementation
25 Infos, 43 Warnings, 43 Critical Warnings and 0 Errors encountered.
opt_design completed successfully
opt_design: Time (s): cpu = 00:00:10 ; elapsed = 00:00:10 . Memory (MB): peak = 1878.652 ; gain = 902.109
INFO: [runtcl-4] Executing : report_drc -file disp2Dec_drc_opted.rpt -pb disp2Dec_drc_opted.pb -rpx disp2Dec_drc_opted.rpx
Command: report_drc -file disp2Dec_drc_opted.rpt -pb disp2Dec_drc_opted.pb -rpx disp2Dec_drc_opted.rpx
INFO: [IP_Flow 19-234] Refreshing IP repositories
INFO: [IP_Flow 19-1704] No user IP repositories specified
INFO: [IP_Flow 19-2313] Loaded Vivado IP repository 'C:/Xilinx/Vivado/2023.2/data/ip'.
INFO: [DRC 23-27] Running DRC with 2 threads
INFO: [Vivado_Tcl 2-168] The results of DRC are in file C:/Users/perhat.amanlyyev/cs223-4/cs223-4.runs/impl_1/disp2Dec_drc_opted.rpt.
report_drc completed successfully
INFO: [Timing 38-480] Writing timing data to binary archive.
Write ShapeDB Complete: Time (s): cpu = 00:00:00 ; elapsed = 00:00:00.001 . Memory (MB): peak = 1878.652 ; gain = 0.000
Wrote PlaceDB: Time (s): cpu = 00:00:00 ; elapsed = 00:00:00.001 . Memory (MB): peak = 1878.652 ; gain = 0.000
Wrote PulsedLatchDB: Time (s): cpu = 00:00:00 ; elapsed = 00:00:00 . Memory (MB): peak = 1878.652 ; gain = 0.000
Writing XDEF routing.
Writing XDEF routing logical nets.
Writing XDEF routing special nets.
Wrote RouteStorage: Time (s): cpu = 00:00:00 ; elapsed = 00:00:00.014 . Memory (MB): peak = 1878.652 ; gain = 0.000
Wrote Netlist Cache: Time (s): cpu = 00:00:00 ; elapsed = 00:00:00 . Memory (MB): peak = 1878.652 ; gain = 0.000
Wrote Device Cache: Time (s): cpu = 00:00:00 ; elapsed = 00:00:00.005 . Memory (MB): peak = 1878.652 ; gain = 0.000
Write Physdb Complete: Time (s): cpu = 00:00:00 ; elapsed = 00:00:00.025 . Memory (MB): peak = 1878.652 ; gain = 0.000
INFO: [Common 17-1381] The checkpoint 'C:/Users/perhat.amanlyyev/cs223-4/cs223-4.runs/impl_1/disp2Dec_opt.dcp' has been generated.
Command: place_design
Attempting to get a license for feature 'Implementation' and/or device 'xc7a35t'
INFO: [Common 17-349] Got license for feature 'Implementation' and/or device 'xc7a35t'
INFO: [Common 17-83] Releasing license: Implementation
INFO: [DRC 23-27] Running DRC with 2 threads
INFO: [Vivado_Tcl 4-198] DRC finished with 0 Errors
INFO: [Vivado_Tcl 4-199] Please refer to the DRC report (report_drc) for more information.
Running DRC as a precondition to command place_design
INFO: [DRC 23-27] Running DRC with 2 threads
INFO: [Vivado_Tcl 4-198] DRC finished with 0 Errors
INFO: [Vivado_Tcl 4-199] Please refer to the DRC report (report_drc) for more information.
INFO: [Place 30-611] Multithreading enabled for place_design using a maximum of 2 CPUs

Starting Placer Task

Phase 1 Placer Initialization

Phase 1.1 Placer Initialization Netlist Sorting
Netlist sorting complete. Time (s): cpu = 00:00:00 ; elapsed = 00:00:00 . Memory (MB): peak = 1878.652 ; gain = 0.000
Phase 1.1 Placer Initialization Netlist Sorting | Checksum: 1064bbd93

Time (s): cpu = 00:00:00 ; elapsed = 00:00:00.001 . Memory (MB): peak = 1878.652 ; gain = 0.000
Netlist sorting complete. Time (s): cpu = 00:00:00 ; elapsed = 00:00:00 . Memory (MB): peak = 1878.652 ; gain = 0.000

Phase 1.2 IO Placement/ Clock Placement/ Build Placer Device
INFO: [Timing 38-35] Done setting XDC timing constraints.
Phase 1.2 IO Placement/ Clock Placement/ Build Placer Device | Checksum: 804450ca

Time (s): cpu = 00:00:00 ; elapsed = 00:00:00.180 . Memory (MB): peak = 1878.652 ; gain = 0.000

Phase 1.3 Build Placer Netlist Model
Phase 1.3 Build Placer Netlist Model | Checksum: 95dc214f

Time (s): cpu = 00:00:00 ; elapsed = 00:00:00.191 . Memory (MB): peak = 1878.652 ; gain = 0.000

Phase 1.4 Constrain Clocks/Macros
Phase 1.4 Constrain Clocks/Macros | Checksum: 95dc214f

Time (s): cpu = 00:00:00 ; elapsed = 00:00:00.192 . Memory (MB): peak = 1878.652 ; gain = 0.000
Phase 1 Placer Initialization | Checksum: 95dc214f

Time (s): cpu = 00:00:00 ; elapsed = 00:00:00.194 . Memory (MB): peak = 1878.652 ; gain = 0.000

Phase 2 Global Placement

Phase 2.1 Floorplanning
Phase 2.1 Floorplanning | Checksum: 95dc214f

Time (s): cpu = 00:00:00 ; elapsed = 00:00:00.195 . Memory (MB): peak = 1878.652 ; gain = 0.000

Phase 2.2 Update Timing before SLR Path Opt
Phase 2.2 Update Timing before SLR Path Opt | Checksum: 95dc214f

Time (s): cpu = 00:00:00 ; elapsed = 00:00:00.195 . Memory (MB): peak = 1878.652 ; gain = 0.000

Phase 2.3 Post-Processing in Floorplanning
Phase 2.3 Post-Processing in Floorplanning | Checksum: 95dc214f

Time (s): cpu = 00:00:00 ; elapsed = 00:00:00.196 . Memory (MB): peak = 1878.652 ; gain = 0.000

Phase 2.4 Global Placement Core
WARNING: [Place 46-29] Timing had been disabled during Placer and, therefore, physical synthesis in Placer will be skipped.
Phase 2.4 Global Placement Core | Checksum: 102f34076

Time (s): cpu = 00:00:00 ; elapsed = 00:00:00.420 . Memory (MB): peak = 1878.652 ; gain = 0.000
Phase 2 Global Placement | Checksum: 102f34076

Time (s): cpu = 00:00:00 ; elapsed = 00:00:00.422 . Memory (MB): peak = 1878.652 ; gain = 0.000

Phase 3 Detail Placement

Phase 3.1 Commit Multi Column Macros
Phase 3.1 Commit Multi Column Macros | Checksum: 102f34076

Time (s): cpu = 00:00:00 ; elapsed = 00:00:00.423 . Memory (MB): peak = 1878.652 ; gain = 0.000

Phase 3.2 Commit Most Macros & LUTRAMs
Phase 3.2 Commit Most Macros & LUTRAMs | Checksum: d8318cb7

Time (s): cpu = 00:00:00 ; elapsed = 00:00:00.426 . Memory (MB): peak = 1878.652 ; gain = 0.000

Phase 3.3 Area Swap Optimization
Phase 3.3 Area Swap Optimization | Checksum: 188a51228

Time (s): cpu = 00:00:00 ; elapsed = 00:00:00.432 . Memory (MB): peak = 1878.652 ; gain = 0.000

Phase 3.4 Pipeline Register Optimization
Phase 3.4 Pipeline Register Optimization | Checksum: 188a51228

Time (s): cpu = 00:00:00 ; elapsed = 00:00:00.432 . Memory (MB): peak = 1878.652 ; gain = 0.000

Phase 3.5 Small Shape Detail Placement
Phase 3.5 Small Shape Detail Placement | Checksum: 15accbe4d

Time (s): cpu = 00:00:00 ; elapsed = 00:00:00.507 . Memory (MB): peak = 1878.652 ; gain = 0.000

Phase 3.6 Re-assign LUT pins
Phase 3.6 Re-assign LUT pins | Checksum: 15accbe4d

Time (s): cpu = 00:00:00 ; elapsed = 00:00:00.508 . Memory (MB): peak = 1878.652 ; gain = 0.000

Phase 3.7 Pipeline Register Optimization
Phase 3.7 Pipeline Register Optimization | Checksum: 15accbe4d

Time (s): cpu = 00:00:00 ; elapsed = 00:00:00.509 . Memory (MB): peak = 1878.652 ; gain = 0.000
Phase 3 Detail Placement | Checksum: 15accbe4d

Time (s): cpu = 00:00:00 ; elapsed = 00:00:00.509 . Memory (MB): peak = 1878.652 ; gain = 0.000

Phase 4 Post Placement Optimization and Clean-Up

Phase 4.1 Post Commit Optimization
Phase 4.1 Post Commit Optimization | Checksum: 15accbe4d

Time (s): cpu = 00:00:00 ; elapsed = 00:00:00.535 . Memory (MB): peak = 1878.652 ; gain = 0.000

Phase 4.2 Post Placement Cleanup
Phase 4.2 Post Placement Cleanup | Checksum: 15accbe4d

Time (s): cpu = 00:00:00 ; elapsed = 00:00:00.537 . Memory (MB): peak = 1878.652 ; gain = 0.000

Phase 4.3 Placer Reporting

Phase 4.3.1 Print Estimated Congestion
INFO: [Place 30-612] Post-Placement Estimated Congestion 
 ____________________________________________________
|           | Global Congestion | Short Congestion  |
| Direction | Region Size       | Region Size       |
|___________|___________________|___________________|
|      North|                1x1|                1x1|
|___________|___________________|___________________|
|      South|                1x1|                1x1|
|___________|___________________|___________________|
|       East|                1x1|                1x1|
|___________|___________________|___________________|
|       West|                1x1|                1x1|
|___________|___________________|___________________|

Phase 4.3.1 Print Estimated Congestion | Checksum: 15accbe4d

Time (s): cpu = 00:00:00 ; elapsed = 00:00:00.537 . Memory (MB): peak = 1878.652 ; gain = 0.000
Phase 4.3 Placer Reporting | Checksum: 15accbe4d

Time (s): cpu = 00:00:00 ; elapsed = 00:00:00.538 . Memory (MB): peak = 1878.652 ; gain = 0.000

Phase 4.4 Final Placement Cleanup
Netlist sorting complete. Time (s): cpu = 00:00:00 ; elapsed = 00:00:00 . Memory (MB): peak = 1878.652 ; gain = 0.000

Time (s): cpu = 00:00:00 ; elapsed = 00:00:00.538 . Memory (MB): peak = 1878.652 ; gain = 0.000
Phase 4 Post Placement Optimization and Clean-Up | Checksum: 15accbe4d

Time (s): cpu = 00:00:00 ; elapsed = 00:00:00.538 . Memory (MB): peak = 1878.652 ; gain = 0.000
Ending Placer Task | Checksum: 89671f15

Time (s): cpu = 00:00:00 ; elapsed = 00:00:00.539 . Memory (MB): peak = 1878.652 ; gain = 0.000
44 Infos, 44 Warnings, 43 Critical Warnings and 0 Errors encountered.
place_design completed successfully
INFO: [runtcl-4] Executing : report_io -file disp2Dec_io_placed.rpt
report_io: Time (s): cpu = 00:00:00 ; elapsed = 00:00:00.032 . Memory (MB): peak = 1878.652 ; gain = 0.000
INFO: [runtcl-4] Executing : report_utilization -file disp2Dec_utilization_placed.rpt -pb disp2Dec_utilization_placed.pb
INFO: [runtcl-4] Executing : report_control_sets -verbose -file disp2Dec_control_sets_placed.rpt
report_control_sets: Time (s): cpu = 00:00:00 ; elapsed = 00:00:00.001 . Memory (MB): peak = 1878.652 ; gain = 0.000
INFO: [Timing 38-480] Writing timing data to binary archive.
Write ShapeDB Complete: Time (s): cpu = 00:00:00 ; elapsed = 00:00:00.001 . Memory (MB): peak = 1878.652 ; gain = 0.000
Wrote PlaceDB: Time (s): cpu = 00:00:00 ; elapsed = 00:00:00.004 . Memory (MB): peak = 1878.652 ; gain = 0.000
Wrote PulsedLatchDB: Time (s): cpu = 00:00:00 ; elapsed = 00:00:00 . Memory (MB): peak = 1878.652 ; gain = 0.000
Writing XDEF routing.
Writing XDEF routing logical nets.
Writing XDEF routing special nets.
Wrote RouteStorage: Time (s): cpu = 00:00:00 ; elapsed = 00:00:00.015 . Memory (MB): peak = 1878.652 ; gain = 0.000
Wrote Netlist Cache: Time (s): cpu = 00:00:00 ; elapsed = 00:00:00 . Memory (MB): peak = 1878.652 ; gain = 0.000
Wrote Device Cache: Time (s): cpu = 00:00:00 ; elapsed = 00:00:00.005 . Memory (MB): peak = 1878.652 ; gain = 0.000
Write Physdb Complete: Time (s): cpu = 00:00:00 ; elapsed = 00:00:00.029 . Memory (MB): peak = 1878.652 ; gain = 0.000
INFO: [Common 17-1381] The checkpoint 'C:/Users/perhat.amanlyyev/cs223-4/cs223-4.runs/impl_1/disp2Dec_placed.dcp' has been generated.
Command: phys_opt_design
Attempting to get a license for feature 'Implementation' and/or device 'xc7a35t'
INFO: [Common 17-349] Got license for feature 'Implementation' and/or device 'xc7a35t'

Starting Initial Update Timing Task

Time (s): cpu = 00:00:00 ; elapsed = 00:00:00.007 . Memory (MB): peak = 1878.652 ; gain = 0.000
INFO: [Vivado_Tcl 4-235] No timing constraint found. The netlist was not modified.
INFO: [Common 17-83] Releasing license: Implementation
52 Infos, 44 Warnings, 43 Critical Warnings and 0 Errors encountered.
phys_opt_design completed successfully
INFO: [Timing 38-480] Writing timing data to binary archive.
Write ShapeDB Complete: Time (s): cpu = 00:00:00 ; elapsed = 00:00:00.001 . Memory (MB): peak = 1888.008 ; gain = 0.012
Wrote PlaceDB: Time (s): cpu = 00:00:00 ; elapsed = 00:00:00.006 . Memory (MB): peak = 1888.008 ; gain = 0.000
Wrote PulsedLatchDB: Time (s): cpu = 00:00:00 ; elapsed = 00:00:00 . Memory (MB): peak = 1888.008 ; gain = 0.000
Writing XDEF routing.
Writing XDEF routing logical nets.
Writing XDEF routing special nets.
Wrote RouteStorage: Time (s): cpu = 00:00:00 ; elapsed = 00:00:00.015 . Memory (MB): peak = 1888.008 ; gain = 0.000
Wrote Netlist Cache: Time (s): cpu = 00:00:00 ; elapsed = 00:00:00 . Memory (MB): peak = 1888.008 ; gain = 0.000
Wrote Device Cache: Time (s): cpu = 00:00:00 ; elapsed = 00:00:00.008 . Memory (MB): peak = 1888.008 ; gain = 0.000
Write Physdb Complete: Time (s): cpu = 00:00:00 ; elapsed = 00:00:00.036 . Memory (MB): peak = 1888.008 ; gain = 0.012
INFO: [Common 17-1381] The checkpoint 'C:/Users/perhat.amanlyyev/cs223-4/cs223-4.runs/impl_1/disp2Dec_physopt.dcp' has been generated.
Command: route_design
Attempting to get a license for feature 'Implementation' and/or device 'xc7a35t'
INFO: [Common 17-349] Got license for feature 'Implementation' and/or device 'xc7a35t'
Running DRC as a precondition to command route_design
INFO: [DRC 23-27] Running DRC with 2 threads
INFO: [Vivado_Tcl 4-198] DRC finished with 0 Errors
INFO: [Vivado_Tcl 4-199] Please refer to the DRC report (report_drc) for more information.


Starting Routing Task
INFO: [Route 35-254] Multithreading enabled for route_design using a maximum of 8 CPUs

Phase 1 Build RT Design
Checksum: PlaceDB: 3f16c131 ConstDB: 0 ShapeSum: 4a505de4 RouteDB: 0
Post Restoration Checksum: NetGraph: a717d18b | NumContArr: b16100d3 | Constraints: c2a8fa9d | Timing: c2a8fa9d
Phase 1 Build RT Design | Checksum: 2ddcac798

Time (s): cpu = 00:00:16 ; elapsed = 00:00:15 . Memory (MB): peak = 1966.129 ; gain = 68.008

Phase 2 Router Initialization
INFO: [Route 35-64] No timing constraints were detected. The router will operate in resource-optimization mode.

Phase 2.1 Fix Topology Constraints
Phase 2.1 Fix Topology Constraints | Checksum: 2ddcac798

Time (s): cpu = 00:00:17 ; elapsed = 00:00:15 . Memory (MB): peak = 1994.973 ; gain = 96.852

Phase 2.2 Pre Route Cleanup
Phase 2.2 Pre Route Cleanup | Checksum: 2ddcac798

Time (s): cpu = 00:00:17 ; elapsed = 00:00:15 . Memory (MB): peak = 1994.973 ; gain = 96.852
 Number of Nodes with overlaps = 0

Router Utilization Summary
  Global Vertical Routing Utilization    = 0 %
  Global Horizontal Routing Utilization  = 0 %
  Routable Net Status*
  *Does not include unroutable nets such as driverless and loadless.
  Run report_route_status for detailed report.
  Number of Failed Nets               = 55
    (Failed Nets is the sum of unrouted and partially routed nets)
  Number of Unrouted Nets             = 55
  Number of Partially Routed Nets     = 0
  Number of Node Overlaps             = 0

Phase 2 Router Initialization | Checksum: 36e008b72

Time (s): cpu = 00:00:17 ; elapsed = 00:00:15 . Memory (MB): peak = 2039.258 ; gain = 141.137

Phase 3 Initial Routing

Phase 3.1 Global Routing
Phase 3.1 Global Routing | Checksum: 36e008b72

Time (s): cpu = 00:00:17 ; elapsed = 00:00:15 . Memory (MB): peak = 2039.258 ; gain = 141.137

Phase 3.2 Initial Net Routing
Phase 3.2 Initial Net Routing | Checksum: 292d90468

Time (s): cpu = 00:00:17 ; elapsed = 00:00:15 . Memory (MB): peak = 2039.258 ; gain = 141.137
Phase 3 Initial Routing | Checksum: 292d90468

Time (s): cpu = 00:00:17 ; elapsed = 00:00:15 . Memory (MB): peak = 2039.258 ; gain = 141.137

Phase 4 Rip-up And Reroute

Phase 4.1 Global Iteration 0
 Number of Nodes with overlaps = 0
Phase 4.1 Global Iteration 0 | Checksum: 2919d3982

Time (s): cpu = 00:00:17 ; elapsed = 00:00:15 . Memory (MB): peak = 2039.258 ; gain = 141.137
Phase 4 Rip-up And Reroute | Checksum: 2919d3982

Time (s): cpu = 00:00:17 ; elapsed = 00:00:15 . Memory (MB): peak = 2039.258 ; gain = 141.137

Phase 5 Delay and Skew Optimization
Phase 5 Delay and Skew Optimization | Checksum: 2919d3982

Time (s): cpu = 00:00:17 ; elapsed = 00:00:15 . Memory (MB): peak = 2039.258 ; gain = 141.137

Phase 6 Post Hold Fix

Phase 6.1 Hold Fix Iter
Phase 6.1 Hold Fix Iter | Checksum: 2919d3982

Time (s): cpu = 00:00:17 ; elapsed = 00:00:15 . Memory (MB): peak = 2039.258 ; gain = 141.137
Phase 6 Post Hold Fix | Checksum: 2919d3982

Time (s): cpu = 00:00:17 ; elapsed = 00:00:15 . Memory (MB): peak = 2039.258 ; gain = 141.137

Phase 7 Route finalize

Router Utilization Summary
  Global Vertical Routing Utilization    = 0.0271068 %
  Global Horizontal Routing Utilization  = 0.0489328 %
  Routable Net Status*
  *Does not include unroutable nets such as driverless and loadless.
  Run report_route_status for detailed report.
  Number of Failed Nets               = 0
    (Failed Nets is the sum of unrouted and partially routed nets)
  Number of Unrouted Nets             = 0
  Number of Partially Routed Nets     = 0
  Number of Node Overlaps             = 0


--GLOBAL Congestion:
Utilization threshold used for congestion level computation: 0.85
Congestion Report
North Dir 1x1 Area, Max Cong = 12.6126%, No Congested Regions.
South Dir 1x1 Area, Max Cong = 5.40541%, No Congested Regions.
East Dir 1x1 Area, Max Cong = 27.9412%, No Congested Regions.
West Dir 1x1 Area, Max Cong = 7.35294%, No Congested Regions.

------------------------------
Reporting congestion hotspots
------------------------------
Direction: North
----------------
Congested clusters found at Level 0
Effective congestion level: 0 Aspect Ratio: 1 Sparse Ratio: 0
Direction: South
----------------
Congested clusters found at Level 0
Effective congestion level: 0 Aspect Ratio: 1 Sparse Ratio: 0
Direction: East
----------------
Congested clusters found at Level 0
Effective congestion level: 0 Aspect Ratio: 1 Sparse Ratio: 0
Direction: West
----------------
Congested clusters found at Level 0
Effective congestion level: 0 Aspect Ratio: 1 Sparse Ratio: 0

Phase 7 Route finalize | Checksum: 2919d3982

Time (s): cpu = 00:00:17 ; elapsed = 00:00:15 . Memory (MB): peak = 2039.258 ; gain = 141.137

Phase 8 Verifying routed nets

 Verification completed successfully
Phase 8 Verifying routed nets | Checksum: 2919d3982

Time (s): cpu = 00:00:17 ; elapsed = 00:00:15 . Memory (MB): peak = 2039.258 ; gain = 141.137

Phase 9 Depositing Routes
Phase 9 Depositing Routes | Checksum: 23fb3fde5

Time (s): cpu = 00:00:17 ; elapsed = 00:00:15 . Memory (MB): peak = 2039.258 ; gain = 141.137
INFO: [Route 35-16] Router Completed Successfully

Phase 10 Post-Route Event Processing
Phase 10 Post-Route Event Processing | Checksum: 163b194fd

Time (s): cpu = 00:00:17 ; elapsed = 00:00:15 . Memory (MB): peak = 2039.258 ; gain = 141.137
Ending Routing Task | Checksum: 163b194fd

Time (s): cpu = 00:00:17 ; elapsed = 00:00:15 . Memory (MB): peak = 2039.258 ; gain = 141.137

Routing Is Done.
INFO: [Common 17-83] Releasing license: Implementation
62 Infos, 44 Warnings, 43 Critical Warnings and 0 Errors encountered.
route_design completed successfully
route_design: Time (s): cpu = 00:00:18 ; elapsed = 00:00:16 . Memory (MB): peak = 2039.258 ; gain = 151.250
INFO: [runtcl-4] Executing : report_drc -file disp2Dec_drc_routed.rpt -pb disp2Dec_drc_routed.pb -rpx disp2Dec_drc_routed.rpx
Command: report_drc -file disp2Dec_drc_routed.rpt -pb disp2Dec_drc_routed.pb -rpx disp2Dec_drc_routed.rpx
INFO: [IP_Flow 19-1839] IP Catalog is up to date.
INFO: [DRC 23-27] Running DRC with 2 threads
INFO: [Vivado_Tcl 2-168] The results of DRC are in file C:/Users/perhat.amanlyyev/cs223-4/cs223-4.runs/impl_1/disp2Dec_drc_routed.rpt.
report_drc completed successfully
INFO: [runtcl-4] Executing : report_methodology -file disp2Dec_methodology_drc_routed.rpt -pb disp2Dec_methodology_drc_routed.pb -rpx disp2Dec_methodology_drc_routed.rpx
Command: report_methodology -file disp2Dec_methodology_drc_routed.rpt -pb disp2Dec_methodology_drc_routed.pb -rpx disp2Dec_methodology_drc_routed.rpx
INFO: [Timing 38-35] Done setting XDC timing constraints.
INFO: [DRC 23-133] Running Methodology with 2 threads
INFO: [Vivado_Tcl 2-1520] The results of Report Methodology are in file C:/Users/perhat.amanlyyev/cs223-4/cs223-4.runs/impl_1/disp2Dec_methodology_drc_routed.rpt.
report_methodology completed successfully
INFO: [runtcl-4] Executing : report_power -file disp2Dec_power_routed.rpt -pb disp2Dec_power_summary_routed.pb -rpx disp2Dec_power_routed.rpx
Command: report_power -file disp2Dec_power_routed.rpt -pb disp2Dec_power_summary_routed.pb -rpx disp2Dec_power_routed.rpx
INFO: [Timing 38-35] Done setting XDC timing constraints.
WARNING: [Power 33-232] No user defined clocks were found in the design! Power estimation will be inaccurate until this is corrected.
Resolution: Please specify clocks using create_clock/create_generated_clock for sequential elements. For pure combinatorial circuits, please specify a virtual clock, otherwise the vectorless estimation might be inaccurate
Running Vector-less Activity Propagation...

Finished Running Vector-less Activity Propagation
72 Infos, 45 Warnings, 43 Critical Warnings and 0 Errors encountered.
report_power completed successfully
INFO: [runtcl-4] Executing : report_route_status -file disp2Dec_route_status.rpt -pb disp2Dec_route_status.pb
INFO: [runtcl-4] Executing : report_timing_summary -max_paths 10 -report_unconstrained -file disp2Dec_timing_summary_routed.rpt -pb disp2Dec_timing_summary_routed.pb -rpx disp2Dec_timing_summary_routed.rpx -warn_on_violation 
INFO: [Timing 38-91] UpdateTimingParams: Speed grade: -1, Delay Type: min_max.
INFO: [Timing 38-191] Multithreading enabled for timing update using a maximum of 2 CPUs
WARNING: [Timing 38-313] There are no user specified timing constraints. Timing constraints are needed for proper timing analysis.
INFO: [runtcl-4] Executing : report_incremental_reuse -file disp2Dec_incremental_reuse_routed.rpt
INFO: [Vivado_Tcl 4-1062] Incremental flow is disabled. No incremental reuse Info to report.
INFO: [runtcl-4] Executing : report_clock_utilization -file disp2Dec_clock_utilization_routed.rpt
INFO: [runtcl-4] Executing : report_bus_skew -warn_on_violation -file disp2Dec_bus_skew_routed.rpt -pb disp2Dec_bus_skew_routed.pb -rpx disp2Dec_bus_skew_routed.rpx
INFO: [Timing 38-91] UpdateTimingParams: Speed grade: -1, Delay Type: min_max.
INFO: [Timing 38-191] Multithreading enabled for timing update using a maximum of 2 CPUs
INFO: [Timing 38-480] Writing timing data to binary archive.
Write ShapeDB Complete: Time (s): cpu = 00:00:00 ; elapsed = 00:00:00.001 . Memory (MB): peak = 2039.773 ; gain = 0.000
Wrote PlaceDB: Time (s): cpu = 00:00:00 ; elapsed = 00:00:00.003 . Memory (MB): peak = 2039.773 ; gain = 0.000
Wrote PulsedLatchDB: Time (s): cpu = 00:00:00 ; elapsed = 00:00:00 . Memory (MB): peak = 2039.773 ; gain = 0.000
Writing XDEF routing.
Writing XDEF routing logical nets.
Writing XDEF routing special nets.
Wrote RouteStorage: Time (s): cpu = 00:00:00 ; elapsed = 00:00:00.017 . Memory (MB): peak = 2039.773 ; gain = 0.000
Wrote Netlist Cache: Time (s): cpu = 00:00:00 ; elapsed = 00:00:00.001 . Memory (MB): peak = 2039.773 ; gain = 0.000
Wrote Device Cache: Time (s): cpu = 00:00:00 ; elapsed = 00:00:00.008 . Memory (MB): peak = 2039.773 ; gain = 0.000
Write Physdb Complete: Time (s): cpu = 00:00:00 ; elapsed = 00:00:00.034 . Memory (MB): peak = 2039.773 ; gain = 0.000
INFO: [Common 17-1381] The checkpoint 'C:/Users/perhat.amanlyyev/cs223-4/cs223-4.runs/impl_1/disp2Dec_routed.dcp' has been generated.
Command: write_bitstream -force disp2Dec.bit
Attempting to get a license for feature 'Implementation' and/or device 'xc7a35t'
INFO: [Common 17-349] Got license for feature 'Implementation' and/or device 'xc7a35t'
Running DRC as a precondition to command write_bitstream
INFO: [IP_Flow 19-1839] IP Catalog is up to date.
INFO: [DRC 23-27] Running DRC with 2 threads
WARNING: [DRC CFGBVS-1] Missing CFGBVS and CONFIG_VOLTAGE Design Properties: Neither the CFGBVS nor CONFIG_VOLTAGE voltage property is set in the current_design.  Configuration bank voltage select (CFGBVS) must be set to VCCO or GND, and CONFIG_VOLTAGE must be set to the correct configuration voltage, in order to determine the I/O voltage support for the pins in bank 0.  It is suggested to specify these either using the 'Edit Device Properties' function in the GUI or directly in the XDC file using the following syntax:

 set_property CFGBVS value1 [current_design]
 #where value1 is either VCCO or GND

 set_property CONFIG_VOLTAGE value2 [current_design]
 #where value2 is the voltage provided to configuration bank 0

Refer to the device configuration user guide for more information.
INFO: [Vivado 12-3199] DRC finished with 0 Errors, 1 Warnings
INFO: [Vivado 12-3200] Please refer to the DRC report (report_drc) for more information.
INFO: [Designutils 20-2272] Running write_bitstream with 2 threads.
Loading data files...
Loading site data...
Loading route data...
Processing options...
Creating bitmap...
Creating bitstream...
Writing bitstream ./disp2Dec.bit...
INFO: [Vivado 12-1842] Bitgen Completed Successfully.
INFO: [Project 1-1876] WebTalk data collection is mandatory when using a ULT device. To see the specific WebTalk data collected for your design, open the usage_statistics_webtalk.html or usage_statistics_webtalk.xml file in the implementation directory.
INFO: [Common 17-83] Releasing license: Implementation
14 Infos, 1 Warnings, 0 Critical Warnings and 0 Errors encountered.
write_bitstream completed successfully
write_bitstream: Time (s): cpu = 00:00:09 ; elapsed = 00:00:08 . Memory (MB): peak = 2467.109 ; gain = 427.336
INFO: [Common 17-206] Exiting Vivado at Mon Apr 15 15:07:57 2024...

*** Running vivado
    with args -log disp2Dec.vdi -applog -m64 -product Vivado -messageDb vivado.pb -mode batch -source disp2Dec.tcl -notrace


Режим вывода команд на экран (ECHO) отключен.
Режим вывода команд на экран (ECHO) отключен.

****** Vivado v2023.2 (64-bit)
  **** SW Build 4029153 on Fri Oct 13 20:14:34 MDT 2023
  **** IP Build 4028589 on Sat Oct 14 00:45:43 MDT 2023
  **** SharedData Build 4025554 on Tue Oct 10 17:18:54 MDT 2023
    ** Copyright 1986-2022 Xilinx, Inc. All Rights Reserved.
    ** Copyright 2022-2023 Advanced Micro Devices, Inc. All Rights Reserved.

source disp2Dec.tcl -notrace
Command: open_checkpoint disp2Dec_routed.dcp
INFO: [Device 21-403] Loading part xc7a35tcpg236-1
Netlist sorting complete. Time (s): cpu = 00:00:00 ; elapsed = 00:00:00.001 . Memory (MB): peak = 853.605 ; gain = 0.000
INFO: [Netlist 29-17] Analyzing 5 Unisim elements for replacement
INFO: [Netlist 29-28] Unisim Transformation completed in 0 CPU seconds
INFO: [Project 1-479] Netlist was created with Vivado 2023.2
INFO: [Project 1-570] Preparing netlist for logic optimization
Read ShapeDB Complete: Time (s): cpu = 00:00:00 ; elapsed = 00:00:00.002 . Memory (MB): peak = 941.184 ; gain = 0.000
INFO: [Timing 38-478] Restoring timing data from binary archive.
INFO: [Timing 38-479] Binary timing data restore complete.
INFO: [Project 1-856] Restoring constraints from binary archive.
INFO: [Project 1-853] Binary constraint restore complete.
INFO: [Designutils 20-5722] Start Reading Physical Databases.
Reading placement.
Read Netlist Cache: Time (s): cpu = 00:00:00 ; elapsed = 00:00:00 . Memory (MB): peak = 1510.195 ; gain = 0.000
Reading placer database...
Read Device Cache: Time (s): cpu = 00:00:00 ; elapsed = 00:00:00.007 . Memory (MB): peak = 1510.195 ; gain = 0.000
Read PlaceDB: Time (s): cpu = 00:00:00 ; elapsed = 00:00:00.002 . Memory (MB): peak = 1510.195 ; gain = 0.000
Read PulsedLatchDB: Time (s): cpu = 00:00:00 ; elapsed = 00:00:00 . Memory (MB): peak = 1510.195 ; gain = 0.000
Reading routing.
Read RouteStorage: Time (s): cpu = 00:00:00 ; elapsed = 00:00:00.006 . Memory (MB): peak = 1510.195 ; gain = 0.000
Read Physdb Files: Time (s): cpu = 00:00:00 ; elapsed = 00:00:00.024 . Memory (MB): peak = 1510.195 ; gain = 0.000
Restored from archive | CPU: 0.000000 secs | Memory: 0.000000 MB |
Finished XDEF File Restore: Time (s): cpu = 00:00:00 ; elapsed = 00:00:00.084 . Memory (MB): peak = 1510.195 ; gain = 17.480
Netlist sorting complete. Time (s): cpu = 00:00:00 ; elapsed = 00:00:00 . Memory (MB): peak = 1510.195 ; gain = 0.000
INFO: [Project 1-111] Unisim Transformation Summary:
No Unisim elements were transformed.

Системе не удается найти указанный путь.
INFO: [Project 1-604] Checkpoint was created with Vivado v2023.2 (64-bit) build 4029153
WARNING: [Vivado 12-23575] Critical violations of the methodology design rules detected. Critical violations may contribute to timing failures or cause functional issues in hardware. Run report_methodology for more information.
open_checkpoint: Time (s): cpu = 00:00:14 ; elapsed = 00:00:22 . Memory (MB): peak = 1510.195 ; gain = 1235.188
Command: write_bitstream -force disp2Dec.bit
Attempting to get a license for feature 'Implementation' and/or device 'xc7a35t'
INFO: [Common 17-349] Got license for feature 'Implementation' and/or device 'xc7a35t'
Running DRC as a precondition to command write_bitstream
INFO: [IP_Flow 19-234] Refreshing IP repositories
INFO: [IP_Flow 19-1704] No user IP repositories specified
INFO: [IP_Flow 19-2313] Loaded Vivado IP repository 'C:/Xilinx/Vivado/2023.2/data/ip'.
INFO: [DRC 23-27] Running DRC with 2 threads
WARNING: [DRC CFGBVS-1] Missing CFGBVS and CONFIG_VOLTAGE Design Properties: Neither the CFGBVS nor CONFIG_VOLTAGE voltage property is set in the current_design.  Configuration bank voltage select (CFGBVS) must be set to VCCO or GND, and CONFIG_VOLTAGE must be set to the correct configuration voltage, in order to determine the I/O voltage support for the pins in bank 0.  It is suggested to specify these either using the 'Edit Device Properties' function in the GUI or directly in the XDC file using the following syntax:

 set_property CFGBVS value1 [current_design]
 #where value1 is either VCCO or GND

 set_property CONFIG_VOLTAGE value2 [current_design]
 #where value2 is the voltage provided to configuration bank 0

Refer to the device configuration user guide for more information.
INFO: [Vivado 12-3199] DRC finished with 0 Errors, 1 Warnings
INFO: [Vivado 12-3200] Please refer to the DRC report (report_drc) for more information.
INFO: [Designutils 20-2272] Running write_bitstream with 2 threads.
Loading data files...
Loading site data...
Loading route data...
Processing options...
Creating bitmap...
Creating bitstream...
Writing bitstream ./disp2Dec.bit...
INFO: [Vivado 12-1842] Bitgen Completed Successfully.
INFO: [Project 1-1876] WebTalk data collection is mandatory when using a ULT device. To see the specific WebTalk data collected for your design, open the usage_statistics_webtalk.html or usage_statistics_webtalk.xml file in the implementation directory.
INFO: [Common 17-83] Releasing license: Implementation
23 Infos, 2 Warnings, 0 Critical Warnings and 0 Errors encountered.
write_bitstream completed successfully
write_bitstream: Time (s): cpu = 00:00:10 ; elapsed = 00:00:09 . Memory (MB): peak = 1987.922 ; gain = 477.727
INFO: [Common 17-206] Exiting Vivado at Mon Apr 15 19:10:38 2024...
